<?xml version="1.0" encoding="UTF-8"?>
<robot generator="Robot 6.1.1 (Python 3.9.18 on darwin)" generated="20240111 17:03:09.415" rpa="false" schemaversion="4">
<suite id="s1" name="Fileprocess" source="/Users/linping/Desktop/Test/Robotframework/AutomationTest/fileprocess.robot">
<test id="s1-t1" name="Open Browser" line="75">
<kw name="Open Browser And Click Login Link">
<kw name="Open Browser" library="SeleniumLibrary">
<arg>https://edm.frappet.synology.me/admin</arg>
<arg>Chrome</arg>
<doc>Opens a new browser instance to the optional ``url``.</doc>
<msg timestamp="20240111 17:03:09.502" level="INFO">Opening browser 'Chrome' to base url 'https://edm.frappet.synology.me/admin'.</msg>
<status status="PASS" starttime="20240111 17:03:09.502" endtime="20240111 17:03:11.866"/>
</kw>
<status status="PASS" starttime="20240111 17:03:09.502" endtime="20240111 17:03:11.866"/>
</kw>
<status status="PASS" starttime="20240111 17:03:09.502" endtime="20240111 17:03:11.866"/>
</test>
<test id="s1-t2" name="Login Susscess" line="77">
<kw name="Login User Page">
<arg>user1</arg>
<kw name="Sleep" library="BuiltIn">
<arg>1s</arg>
<doc>Pauses the test executed for the given time.</doc>
<msg timestamp="20240111 17:03:12.869" level="INFO">Slept 1 second</msg>
<status status="PASS" starttime="20240111 17:03:11.867" endtime="20240111 17:03:12.869"/>
</kw>
<kw name="Input Text" library="SeleniumLibrary">
<arg>css=#username</arg>
<arg>${username}</arg>
<doc>Types the given ``text`` into the text field identified by ``locator``.</doc>
<msg timestamp="20240111 17:03:12.875" level="INFO">Typing text 'admin' into text field 'css=#username'.</msg>
<status status="PASS" starttime="20240111 17:03:12.870" endtime="20240111 17:03:13.013"/>
</kw>
<kw name="Input Password" library="SeleniumLibrary">
<arg>css=#password</arg>
<arg>${password}</arg>
<doc>Types the given password into the text field identified by ``locator``.</doc>
<msg timestamp="20240111 17:03:13.013" level="INFO">Typing password into text field 'css=#password'.</msg>
<msg timestamp="20240111 17:03:13.028" level="INFO">Temporally setting log level to: NONE</msg>
<msg timestamp="20240111 17:03:13.051" level="INFO">Log level changed from NONE to INFO.</msg>
<status status="PASS" starttime="20240111 17:03:13.013" endtime="20240111 17:03:13.051"/>
</kw>
<kw name="Click Button" library="SeleniumLibrary">
<arg>id=kc-login</arg>
<doc>Clicks the button identified by ``locator``.</doc>
<msg timestamp="20240111 17:03:13.052" level="INFO">Clicking button 'id=kc-login'.</msg>
<status status="PASS" starttime="20240111 17:03:13.051" endtime="20240111 17:03:13.203"/>
</kw>
<status status="PASS" starttime="20240111 17:03:11.867" endtime="20240111 17:03:13.203"/>
</kw>
<status status="PASS" starttime="20240111 17:03:11.866" endtime="20240111 17:03:13.203"/>
</test>
<test id="s1-t3" name="Delete Doucument Process" line="86">
<kw name="Delete Doucument">
<kw name="Sleep" library="BuiltIn">
<arg>2s</arg>
<doc>Pauses the test executed for the given time.</doc>
<msg timestamp="20240111 17:03:15.205" level="INFO">Slept 2 seconds</msg>
<status status="PASS" starttime="20240111 17:03:13.204" endtime="20240111 17:03:15.205"/>
</kw>
<kw name="Click Element" library="SeleniumLibrary">
<arg>xpath=//*[@id="cabinet"]/div[2]/div/div/div[2]/div[3]/div[1]/div/div[2]/button</arg>
<doc>Click the element identified by ``locator``.</doc>
<msg timestamp="20240111 17:03:15.207" level="INFO">Clicking element 'xpath=//*[@id="cabinet"]/div[2]/div/div/div[2]/div[3]/div[1]/div/div[2]/button'.</msg>
<status status="PASS" starttime="20240111 17:03:15.206" endtime="20240111 17:03:15.257"/>
</kw>
<kw name="Click Element" library="SeleniumLibrary">
<arg>xpath=//*[@id="FileltemActiondelete"]</arg>
<doc>Click the element identified by ``locator``.</doc>
<msg timestamp="20240111 17:03:15.257" level="INFO">Clicking element 'xpath=//*[@id="FileltemActiondelete"]'.</msg>
<status status="PASS" starttime="20240111 17:03:15.257" endtime="20240111 17:03:15.285"/>
</kw>
<kw name="Sleep" library="BuiltIn">
<arg>1s</arg>
<doc>Pauses the test executed for the given time.</doc>
<msg timestamp="20240111 17:03:16.287" level="INFO">Slept 1 second</msg>
<status status="PASS" starttime="20240111 17:03:15.286" endtime="20240111 17:03:16.287"/>
</kw>
<kw name="Click Element" library="SeleniumLibrary">
<arg>xpath=//*[@id="dialogDeleteConfirm"]</arg>
<doc>Click the element identified by ``locator``.</doc>
<msg timestamp="20240111 17:03:16.289" level="INFO">Clicking element 'xpath=//*[@id="dialogDeleteConfirm"]'.</msg>
<status status="PASS" starttime="20240111 17:03:16.288" endtime="20240111 17:03:16.340"/>
</kw>
<status status="PASS" starttime="20240111 17:03:13.204" endtime="20240111 17:03:16.340"/>
</kw>
<kw name="Sleep" library="BuiltIn">
<arg>6s</arg>
<doc>Pauses the test executed for the given time.</doc>
<msg timestamp="20240111 17:03:22.344" level="INFO">Slept 6 seconds</msg>
<status status="PASS" starttime="20240111 17:03:16.340" endtime="20240111 17:03:22.346"/>
</kw>
<status status="PASS" starttime="20240111 17:03:13.203" endtime="20240111 17:03:22.347"/>
</test>
<status status="PASS" starttime="20240111 17:03:09.416" endtime="20240111 17:03:22.349"/>
</suite>
<statistics>
<total>
<stat pass="3" fail="0" skip="0">All Tests</stat>
</total>
<tag>
</tag>
<suite>
<stat pass="3" fail="0" skip="0" id="s1" name="Fileprocess">Fileprocess</stat>
</suite>
</statistics>
<errors>
</errors>
</robot>
