<?xml version="1.0" encoding="UTF-8"?>
<robot generator="Robot 6.1.1 (Python 3.9.18 on darwin)" generated="20240111 11:02:14.477" rpa="false" schemaversion="4">
<suite id="s1" name="Demo" source="/Users/linping/Desktop/Test/Robotframework/Tester-robot/Demo.robot">
<test id="s1-t1" name="Open Browser" line="58">
<kw name="Open Browser And Click Login Link">
<kw name="Open Browser" library="SeleniumLibrary">
<arg>https://edm.frappet.synology.me/admin</arg>
<arg>Chrome</arg>
<doc>Opens a new browser instance to the optional ``url``.</doc>
<msg timestamp="20240111 11:02:14.562" level="INFO">Opening browser 'Chrome' to base url 'https://edm.frappet.synology.me/admin'.</msg>
<status status="PASS" starttime="20240111 11:02:14.561" endtime="20240111 11:02:17.208"/>
</kw>
<status status="PASS" starttime="20240111 11:02:14.561" endtime="20240111 11:02:17.208"/>
</kw>
<status status="PASS" starttime="20240111 11:02:14.561" endtime="20240111 11:02:17.209"/>
</test>
<test id="s1-t2" name="Login Susscess" line="60">
<kw name="Login User Page">
<arg>user1</arg>
<kw name="Sleep" library="BuiltIn">
<arg>1s</arg>
<doc>Pauses the test executed for the given time.</doc>
<msg timestamp="20240111 11:02:18.212" level="INFO">Slept 1 second</msg>
<status status="PASS" starttime="20240111 11:02:17.210" endtime="20240111 11:02:18.213"/>
</kw>
<kw name="Input Text" library="SeleniumLibrary">
<arg>css=#username</arg>
<arg>${username}</arg>
<doc>Types the given ``text`` into the text field identified by ``locator``.</doc>
<msg timestamp="20240111 11:02:18.215" level="INFO">Typing text 'admin' into text field 'css=#username'.</msg>
<status status="PASS" starttime="20240111 11:02:18.213" endtime="20240111 11:02:18.344"/>
</kw>
<kw name="Input Password" library="SeleniumLibrary">
<arg>css=#password</arg>
<arg>${password}</arg>
<doc>Types the given password into the text field identified by ``locator``.</doc>
<msg timestamp="20240111 11:02:18.345" level="INFO">Typing password into text field 'css=#password'.</msg>
<msg timestamp="20240111 11:02:18.359" level="INFO">Temporally setting log level to: NONE</msg>
<msg timestamp="20240111 11:02:18.387" level="INFO">Log level changed from NONE to INFO.</msg>
<status status="PASS" starttime="20240111 11:02:18.344" endtime="20240111 11:02:18.387"/>
</kw>
<kw name="Click Button" library="SeleniumLibrary">
<arg>id=kc-login</arg>
<doc>Clicks the button identified by ``locator``.</doc>
<msg timestamp="20240111 11:02:18.388" level="INFO">Clicking button 'id=kc-login'.</msg>
<status status="PASS" starttime="20240111 11:02:18.387" endtime="20240111 11:02:18.542"/>
</kw>
<status status="PASS" starttime="20240111 11:02:17.210" endtime="20240111 11:02:18.543"/>
</kw>
<status status="PASS" starttime="20240111 11:02:17.209" endtime="20240111 11:02:18.543"/>
</test>
<test id="s1-t3" name="Create Doucument File" line="69">
<kw name="Create Doucument">
<kw name="Sleep" library="BuiltIn">
<arg>2s</arg>
<doc>Pauses the test executed for the given time.</doc>
<msg timestamp="20240111 11:02:20.544" level="INFO">Slept 2 seconds</msg>
<status status="PASS" starttime="20240111 11:02:18.543" endtime="20240111 11:02:20.545"/>
</kw>
<kw name="Click Element" library="SeleniumLibrary">
<arg>id=triggerFolderCreateFileItem</arg>
<doc>Click the element identified by ``locator``.</doc>
<msg timestamp="20240111 11:02:20.547" level="INFO">Clicking element 'id=triggerFolderCreateFileItem'.</msg>
<status status="PASS" starttime="20240111 11:02:20.546" endtime="20240111 11:02:20.599"/>
</kw>
<kw name="Sleep" library="BuiltIn">
<arg>2s</arg>
<doc>Pauses the test executed for the given time.</doc>
<msg timestamp="20240111 11:02:22.600" level="INFO">Slept 2 seconds</msg>
<status status="PASS" starttime="20240111 11:02:20.599" endtime="20240111 11:02:22.601"/>
</kw>
<kw name="Input Text" library="SeleniumLibrary">
<arg>css=input[placeholder='กรอกชื่อ']</arg>
<arg>${TEXT_TO_ENTER}</arg>
<doc>Types the given ``text`` into the text field identified by ``locator``.</doc>
<msg timestamp="20240111 11:02:22.604" level="INFO">Typing text 'Test Data' into text field 'css=input[placeholder='กรอกชื่อ']'.</msg>
<status status="PASS" starttime="20240111 11:02:22.602" endtime="20240111 11:02:22.673"/>
</kw>
<kw name="Click Element" library="SeleniumLibrary">
<arg>id=FoldeSubmit</arg>
<doc>Click the element identified by ``locator``.</doc>
<msg timestamp="20240111 11:02:22.674" level="INFO">Clicking element 'id=FoldeSubmit'.</msg>
<status status="PASS" starttime="20240111 11:02:22.673" endtime="20240111 11:02:22.698"/>
</kw>
<kw name="Sleep" library="BuiltIn">
<arg>2s</arg>
<doc>Pauses the test executed for the given time.</doc>
<msg timestamp="20240111 11:02:24.701" level="INFO">Slept 2 seconds</msg>
<status status="PASS" starttime="20240111 11:02:22.698" endtime="20240111 11:02:24.701"/>
</kw>
<status status="PASS" starttime="20240111 11:02:18.543" endtime="20240111 11:02:24.702"/>
</kw>
<status status="PASS" starttime="20240111 11:02:18.543" endtime="20240111 11:02:24.702"/>
</test>
<test id="s1-t4" name="Create On Doucument" line="72">
<kw name="Create File on Doucument">
<kw name="Click Element" library="SeleniumLibrary">
<arg>xpath=(//div[@class='box'])[1]</arg>
<doc>Click the element identified by ``locator``.</doc>
<msg timestamp="20240111 11:02:24.705" level="INFO">Clicking element 'xpath=(//div[@class='box'])[1]'.</msg>
<status status="PASS" starttime="20240111 11:02:24.705" endtime="20240111 11:02:24.728"/>
</kw>
<kw name="Sleep" library="BuiltIn">
<arg>2s</arg>
<doc>Pauses the test executed for the given time.</doc>
<msg timestamp="20240111 11:02:26.730" level="INFO">Slept 2 seconds</msg>
<status status="PASS" starttime="20240111 11:02:24.728" endtime="20240111 11:02:26.730"/>
</kw>
<kw name="Click Element" library="SeleniumLibrary">
<arg>id=triggerFolderCreateFileItem</arg>
<doc>Click the element identified by ``locator``.</doc>
<msg timestamp="20240111 11:02:26.733" level="INFO">Clicking element 'id=triggerFolderCreateFileItem'.</msg>
<status status="PASS" starttime="20240111 11:02:26.731" endtime="20240111 11:02:26.772"/>
</kw>
<kw name="Sleep" library="BuiltIn">
<arg>2s</arg>
<doc>Pauses the test executed for the given time.</doc>
<msg timestamp="20240111 11:02:28.773" level="INFO">Slept 2 seconds</msg>
<status status="PASS" starttime="20240111 11:02:26.772" endtime="20240111 11:02:28.774"/>
</kw>
<kw name="Input Text" library="SeleniumLibrary">
<arg>css=input[placeholder='กรอกชื่อ']</arg>
<arg>${TEXT_TO_ENTER}</arg>
<doc>Types the given ``text`` into the text field identified by ``locator``.</doc>
<msg timestamp="20240111 11:02:28.776" level="INFO">Typing text 'Test Data' into text field 'css=input[placeholder='กรอกชื่อ']'.</msg>
<status status="PASS" starttime="20240111 11:02:28.774" endtime="20240111 11:02:28.842"/>
</kw>
<kw name="Click Element" library="SeleniumLibrary">
<arg>id=FoldeSubmit</arg>
<doc>Click the element identified by ``locator``.</doc>
<msg timestamp="20240111 11:02:28.843" level="INFO">Clicking element 'id=FoldeSubmit'.</msg>
<status status="PASS" starttime="20240111 11:02:28.842" endtime="20240111 11:02:28.867"/>
</kw>
<kw name="Sleep" library="BuiltIn">
<arg>2s</arg>
<doc>Pauses the test executed for the given time.</doc>
<msg timestamp="20240111 11:02:30.868" level="INFO">Slept 2 seconds</msg>
<status status="PASS" starttime="20240111 11:02:28.867" endtime="20240111 11:02:30.868"/>
</kw>
<status status="PASS" starttime="20240111 11:02:24.704" endtime="20240111 11:02:30.868"/>
</kw>
<kw name="Sleep" library="BuiltIn">
<arg>6s</arg>
<doc>Pauses the test executed for the given time.</doc>
<msg timestamp="20240111 11:02:36.871" level="INFO">Slept 6 seconds</msg>
<status status="PASS" starttime="20240111 11:02:30.868" endtime="20240111 11:02:36.872"/>
</kw>
<status status="PASS" starttime="20240111 11:02:24.703" endtime="20240111 11:02:36.873"/>
</test>
<status status="PASS" starttime="20240111 11:02:14.478" endtime="20240111 11:02:36.876"/>
</suite>
<statistics>
<total>
<stat pass="4" fail="0" skip="0">All Tests</stat>
</total>
<tag>
</tag>
<suite>
<stat pass="4" fail="0" skip="0" id="s1" name="Demo">Demo</stat>
</suite>
</statistics>
<errors>
</errors>
</robot>
