<?xml version="1.0" encoding="UTF-8"?>
<robot generator="Robot 6.1.1 (Python 3.9.18 on darwin)" generated="20240119 11:16:38.291" rpa="false" schemaversion="4">
<suite id="s1" name="Searchlist" source="/Users/linping/Desktop/Test/Robotframework/AutomationTest/searchlist.robot">
<test id="s1-t1" name="Open Browser" line="39">
<kw name="Open Browser And Click Login Link">
<kw name="Open Browser" library="SeleniumLibrary">
<arg>https://edm.frappet.synology.me</arg>
<arg>Chrome</arg>
<doc>Opens a new browser instance to the optional ``url``.</doc>
<msg timestamp="20240119 11:16:38.379" level="INFO">Opening browser 'Chrome' to base url 'https://edm.frappet.synology.me'.</msg>
<status status="PASS" starttime="20240119 11:16:38.378" endtime="20240119 11:16:41.265"/>
</kw>
<status status="PASS" starttime="20240119 11:16:38.378" endtime="20240119 11:16:41.265"/>
</kw>
<status status="PASS" starttime="20240119 11:16:38.378" endtime="20240119 11:16:41.266"/>
</test>
<test id="s1-t2" name="Login Susscess" line="42">
<kw name="Login User Page">
<arg>user1</arg>
<kw name="Sleep" library="BuiltIn">
<arg>1s</arg>
<doc>Pauses the test executed for the given time.</doc>
<msg timestamp="20240119 11:16:42.269" level="INFO">Slept 1 second</msg>
<status status="PASS" starttime="20240119 11:16:41.267" endtime="20240119 11:16:42.270"/>
</kw>
<kw name="Input Text" library="SeleniumLibrary">
<arg>css=#username</arg>
<arg>${username}</arg>
<doc>Types the given ``text`` into the text field identified by ``locator``.</doc>
<msg timestamp="20240119 11:16:42.282" level="INFO">Typing text 'user' into text field 'css=#username'.</msg>
<status status="PASS" starttime="20240119 11:16:42.274" endtime="20240119 11:16:42.425"/>
</kw>
<kw name="Input Password" library="SeleniumLibrary">
<arg>css=#password</arg>
<arg>${password}</arg>
<doc>Types the given password into the text field identified by ``locator``.</doc>
<msg timestamp="20240119 11:16:42.425" level="INFO">Typing password into text field 'css=#password'.</msg>
<msg timestamp="20240119 11:16:42.440" level="INFO">Temporally setting log level to: NONE</msg>
<msg timestamp="20240119 11:16:42.466" level="INFO">Log level changed from NONE to INFO.</msg>
<status status="PASS" starttime="20240119 11:16:42.425" endtime="20240119 11:16:42.466"/>
</kw>
<kw name="Click Button" library="SeleniumLibrary">
<arg>id=kc-login</arg>
<doc>Clicks the button identified by ``locator``.</doc>
<msg timestamp="20240119 11:16:42.467" level="INFO">Clicking button 'id=kc-login'.</msg>
<status status="PASS" starttime="20240119 11:16:42.466" endtime="20240119 11:16:42.628"/>
</kw>
<status status="PASS" starttime="20240119 11:16:41.266" endtime="20240119 11:16:42.628"/>
</kw>
<status status="PASS" starttime="20240119 11:16:41.266" endtime="20240119 11:16:42.628"/>
</test>
<test id="s1-t3" name="Search Data" line="45">
<kw name="Search List">
<kw name="Sleep" library="BuiltIn">
<arg>1s</arg>
<doc>Pauses the test executed for the given time.</doc>
<msg timestamp="20240119 11:16:43.629" level="INFO">Slept 1 second</msg>
<status status="PASS" starttime="20240119 11:16:42.628" endtime="20240119 11:16:43.630"/>
</kw>
<kw name="Input Text" library="SeleniumLibrary">
<arg>css=input[placeholder='เอกสาร']</arg>
<arg>${TEXT_ENTER}</arg>
<doc>Types the given ``text`` into the text field identified by ``locator``.</doc>
<msg timestamp="20240119 11:16:43.633" level="INFO">Typing text 'pdf' into text field 'css=input[placeholder='เอกสาร']'.</msg>
<status status="PASS" starttime="20240119 11:16:43.630" endtime="20240119 11:16:43.699"/>
</kw>
<kw name="Checkbox Should Be Selected" library="SeleniumLibrary">
<arg>xpath=//div[@class='q-checkbox__bg absolute']</arg>
<doc>Verifies checkbox ``locator`` is selected/checked.</doc>
<msg timestamp="20240119 11:16:43.699" level="INFO">Verifying checkbox 'xpath=//div[@class='q-checkbox__bg absolute']' is selected.</msg>
<msg timestamp="20240119 11:16:43.864" level="INFO" html="true">&lt;/td&gt;&lt;/tr&gt;&lt;tr&gt;&lt;td colspan="3"&gt;&lt;a href="selenium-screenshot-15.png"&gt;&lt;img src="selenium-screenshot-15.png" width="800px"&gt;&lt;/a&gt;</msg>
<msg timestamp="20240119 11:16:43.864" level="FAIL">Checkbox with locator 'xpath=//div[@class='q-checkbox__bg absolute']' not found.</msg>
<status status="FAIL" starttime="20240119 11:16:43.699" endtime="20240119 11:16:43.866"/>
</kw>
<kw name="Sleep" library="BuiltIn">
<arg>1s</arg>
<doc>Pauses the test executed for the given time.</doc>
<status status="NOT RUN" starttime="20240119 11:16:43.866" endtime="20240119 11:16:43.866"/>
</kw>
<kw name="Click Button" library="SeleniumLibrary">
<arg>id=submitSearch</arg>
<doc>Clicks the button identified by ``locator``.</doc>
<status status="NOT RUN" starttime="20240119 11:16:43.866" endtime="20240119 11:16:43.866"/>
</kw>
<status status="FAIL" starttime="20240119 11:16:42.628" endtime="20240119 11:16:43.866"/>
</kw>
<kw name="Sleep" library="BuiltIn">
<arg>6s</arg>
<doc>Pauses the test executed for the given time.</doc>
<status status="NOT RUN" starttime="20240119 11:16:43.867" endtime="20240119 11:16:43.867"/>
</kw>
<status status="FAIL" starttime="20240119 11:16:42.628" endtime="20240119 11:16:43.867">Checkbox with locator 'xpath=//div[@class='q-checkbox__bg absolute']' not found.</status>
</test>
<status status="FAIL" starttime="20240119 11:16:38.292" endtime="20240119 11:16:43.867"/>
</suite>
<statistics>
<total>
<stat pass="2" fail="1" skip="0">All Tests</stat>
</total>
<tag>
</tag>
<suite>
<stat pass="2" fail="1" skip="0" id="s1" name="Searchlist">Searchlist</stat>
</suite>
</statistics>
<errors>
</errors>
</robot>
